mode: atomic
todoService/internal/repository/repository.go:25.28,29.2 1 1
todoService/internal/repository/repository.go:32.97,40.17 6 1004
todoService/internal/repository/repository.go:44.2,48.18 4 1003
todoService/internal/repository/repository.go:40.17,42.3 1 1
todoService/internal/repository/repository.go:51.97,59.37 6 2
todoService/internal/repository/repository.go:63.2,63.25 1 1
todoService/internal/repository/repository.go:59.37,62.3 1 1
todoService/internal/repository/repository.go:66.70,75.31 7 1
todoService/internal/repository/repository.go:79.2,79.12 1 1
todoService/internal/repository/repository.go:75.31,77.3 1 1
todoService/internal/repository/repository.go:82.80,90.17 6 4
todoService/internal/repository/repository.go:94.2,94.36 1 3
todoService/internal/repository/repository.go:98.2,100.12 2 2
todoService/internal/repository/repository.go:90.17,92.3 1 1
todoService/internal/repository/repository.go:94.36,96.3 1 1
todoService/internal/repository/repository.go:103.77,112.2 6 1
todoService/internal/service/service.go:46.36,50.2 1 1
todoService/internal/service/service.go:54.97,59.17 4 4
todoService/internal/service/service.go:63.2,63.22 1 3
todoService/internal/service/service.go:67.2,67.25 1 2
todoService/internal/service/service.go:71.2,80.16 3 1
todoService/internal/service/service.go:84.2,93.24 2 1
todoService/internal/service/service.go:59.17,61.3 1 1
todoService/internal/service/service.go:63.22,65.3 1 1
todoService/internal/service/service.go:67.25,69.3 1 1
todoService/internal/service/service.go:80.16,82.3 1 0
todoService/internal/service/service.go:97.84,105.29 6 1
todoService/internal/service/service.go:116.2,116.40 1 1
todoService/internal/service/service.go:105.29,114.3 1 1
todoService/internal/service/service.go:121.89,127.16 5 2
todoService/internal/service/service.go:131.2,138.8 1 1
todoService/internal/service/service.go:127.16,129.3 1 1
todoService/internal/service/service.go:142.95,147.33 4 5
todoService/internal/service/service.go:151.2,151.25 1 4
todoService/internal/service/service.go:155.2,155.28 1 3
todoService/internal/service/service.go:159.2,169.16 3 2
todoService/internal/service/service.go:173.2,173.21 1 1
todoService/internal/service/service.go:147.33,149.3 1 1
todoService/internal/service/service.go:151.25,153.3 1 1
todoService/internal/service/service.go:155.28,157.3 1 1
todoService/internal/service/service.go:169.16,171.3 1 1
todoService/internal/service/service.go:178.96,185.2 5 1
