mode: atomic
todoService/internal/repository/repository.go:21.28,25.2 1 1
todoService/internal/repository/repository.go:27.76,31.17 3 1004
todoService/internal/repository/repository.go:35.2,39.18 4 1003
todoService/internal/repository/repository.go:31.17,33.3 1 1
todoService/internal/repository/repository.go:42.76,46.37 3 2
todoService/internal/repository/repository.go:50.2,50.25 1 1
todoService/internal/repository/repository.go:46.37,49.3 1 1
todoService/internal/repository/repository.go:53.51,58.31 4 1
todoService/internal/repository/repository.go:62.2,62.12 1 1
todoService/internal/repository/repository.go:58.31,60.3 1 1
todoService/internal/repository/repository.go:65.59,69.17 3 4
todoService/internal/repository/repository.go:73.2,73.36 1 3
todoService/internal/repository/repository.go:77.2,79.12 2 2
todoService/internal/repository/repository.go:69.17,71.3 1 1
todoService/internal/repository/repository.go:73.36,75.3 1 1
todoService/internal/repository/repository.go:82.56,87.2 3 1
todoService/internal/service/service.go:43.36,47.2 1 1
todoService/internal/service/service.go:50.97,51.17 1 4
todoService/internal/service/service.go:55.2,55.22 1 3
todoService/internal/service/service.go:59.2,59.25 1 2
todoService/internal/service/service.go:63.2,72.16 3 1
todoService/internal/service/service.go:76.2,85.24 2 1
todoService/internal/service/service.go:51.17,53.3 1 1
todoService/internal/service/service.go:55.22,57.3 1 1
todoService/internal/service/service.go:59.25,61.3 1 1
todoService/internal/service/service.go:72.16,74.3 1 0
todoService/internal/service/service.go:89.84,93.29 3 1
todoService/internal/service/service.go:104.2,104.40 1 1
todoService/internal/service/service.go:93.29,102.3 1 1
todoService/internal/service/service.go:109.89,111.16 2 2
todoService/internal/service/service.go:115.2,122.8 1 1
todoService/internal/service/service.go:111.16,113.3 1 1
todoService/internal/service/service.go:126.95,127.20 1 5
todoService/internal/service/service.go:131.2,131.25 1 4
todoService/internal/service/service.go:135.2,135.28 1 3
todoService/internal/service/service.go:139.2,149.16 3 2
todoService/internal/service/service.go:153.2,155.21 2 1
todoService/internal/service/service.go:127.20,129.3 1 1
todoService/internal/service/service.go:131.25,133.3 1 1
todoService/internal/service/service.go:135.28,137.3 1 1
todoService/internal/service/service.go:149.16,151.3 1 1
todoService/internal/service/service.go:158.96,161.2 2 1
